Drill report for Schematic_editted.kicad_pcb
Created on 2024-10-02T08:26:20+0700

Copper Layer Stackup:
    =============================================================
    L1 :  F.Cu                      front
    L2 :  B.Cu                      back


Drill file 'Schematic_editted-PTH.drl' contains
    plated through holes:
    =============================================================
    T1  0.200mm  0.0079"  (24 holes)
    T2  0.300mm  0.0118"  (169 holes)
    T3  0.800mm  0.0315"  (69 holes)
    T4  1.000mm  0.0394"  (97 holes)  (with 3 slots)
    T5  1.100mm  0.0433"  (2 holes)
    T6  1.200mm  0.0472"  (2 holes)
    T7  1.300mm  0.0512"  (9 holes)
    T8  1.400mm  0.0551"  (2 holes)
    T9  3.500mm  0.1378"  (8 holes)

    Total plated holes count 382


Drill file 'Schematic_editted-NPTH.drl' contains
    unplated through holes:
    =============================================================
    T1  0.800mm  0.0315"  (2 holes)

    Total unplated holes count 2
